Using pre-set license
Built from '2020.3/staging' branch; Version is '2020.3.19f1 (68f137dc9bbe) revision 6877495'; Using compiler version '192528614'; Build Type 'Release'
OS: 'Windows 10 Home; OS build 22523.1000; Version 2009; 64bit' Language: 'en' Physical Memory: 12204 MB
BatchMode: 1, IsHumanControllingUs: 0, StartBugReporterOnCrash: 0, Is64bit: 1, IsPro: 0

COMMAND LINE ARGUMENTS:
C:\Program Files\Unity\Hub\Editor\2020.3.19f1\Editor\Unity.exe
-adb2
-batchMode
-noUpm
-name
AssetImportWorker0
-projectPath
E:/OUTSCAL-2D-Platformer
-logFile
Logs/AssetImportWorker0.log
-srvPort
65181
Successfully changed project path to: E:/OUTSCAL-2D-Platformer
E:/OUTSCAL-2D-Platformer
Using Asset Import Pipeline V2.
Refreshing native plugins compatible for Editor in 812.08 ms, found 2 plugins.
Preloading 0 native plugins for Editor in 0.00 ms.
Initialize engine version: 2020.3.19f1 (68f137dc9bbe)
[Subsystems] Discovering subsystems at path C:/Program Files/Unity/Hub/Editor/2020.3.19f1/Editor/Data/Resources/UnitySubsystems
[Subsystems] Discovering subsystems at path E:/OUTSCAL-2D-Platformer/Assets
GfxDevice: creating device client; threaded=0
Direct3D:
    Version:  Direct3D 11.0 [level 11.1]
    Renderer: Intel(R) HD Graphics 620 (ID=0x5916)
    Vendor:   
    VRAM:     6102 MB
    Driver:   30.0.101.1157
Initialize mono
Mono path[0] = 'C:/Program Files/Unity/Hub/Editor/2020.3.19f1/Editor/Data/Managed'
Mono path[1] = 'C:/Program Files/Unity/Hub/Editor/2020.3.19f1/Editor/Data/MonoBleedingEdge/lib/mono/unityjit'
Mono config path = 'C:/Program Files/Unity/Hub/Editor/2020.3.19f1/Editor/Data/MonoBleedingEdge/etc'
Using monoOptions --debugger-agent=transport=dt_socket,embedding=1,server=y,suspend=n,address=127.0.0.1:56940
Begin MonoManager ReloadAssembly
Registering precompiled unity dll's ...
Register platform support module: C:/Program Files/Unity/Hub/Editor/2020.3.19f1/Editor/Data/PlaybackEngines/WindowsStandaloneSupport/UnityEditor.WindowsStandalone.Extensions.dll
Registered in 0.002455 seconds.
Native extension for WindowsStandalone target not found
Refreshing native plugins compatible for Editor in 97.32 ms, found 2 plugins.
Preloading 0 native plugins for Editor in 0.00 ms.
Mono: successfully reloaded assembly
- Completed reload, in  7.613 seconds
Domain Reload Profiling:
	ReloadAssembly (7613ms)
		BeginReloadAssembly (416ms)
			ExecutionOrderSort (0ms)
			DisableScriptedObjects (0ms)
			BackupInstance (0ms)
			ReleaseScriptingObjects (0ms)
			CreateAndSetChildDomain (3ms)
		EndReloadAssembly (897ms)
			LoadAssemblies (408ms)
			RebuildTransferFunctionScriptingTraits (0ms)
			SetupTypeCache (331ms)
			ReleaseScriptCaches (0ms)
			RebuildScriptCaches (50ms)
			SetupLoadedEditorAssemblies (360ms)
				LogAssemblyErrors (0ms)
				InitializePlatformSupportModulesInManaged (6ms)
				SetLoadedEditorAssemblies (0ms)
				RefreshPlugins (97ms)
				BeforeProcessingInitializeOnLoad (16ms)
				ProcessInitializeOnLoadAttributes (172ms)
				ProcessInitializeOnLoadMethodAttributes (68ms)
				AfterProcessingInitializeOnLoad (0ms)
				EditorAssembliesLoaded (1ms)
			ExecutionOrderSort2 (0ms)
			AwakeInstancesAfterBackupRestoration (0ms)
Platform modules already initialized, skipping
Registering precompiled user dll's ...
Registered in 0.004526 seconds.
Begin MonoManager ReloadAssembly
Native extension for WindowsStandalone target not found
Refreshing native plugins compatible for Editor in 1.29 ms, found 2 plugins.
Preloading 0 native plugins for Editor in 0.00 ms.
Mono: successfully reloaded assembly
- Completed reload, in  2.165 seconds
Domain Reload Profiling:
	ReloadAssembly (2166ms)
		BeginReloadAssembly (305ms)
			ExecutionOrderSort (0ms)
			DisableScriptedObjects (7ms)
			BackupInstance (0ms)
			ReleaseScriptingObjects (0ms)
			CreateAndSetChildDomain (41ms)
		EndReloadAssembly (1757ms)
			LoadAssemblies (159ms)
			RebuildTransferFunctionScriptingTraits (0ms)
			SetupTypeCache (596ms)
			ReleaseScriptCaches (1ms)
			RebuildScriptCaches (106ms)
			SetupLoadedEditorAssemblies (728ms)
				LogAssemblyErrors (0ms)
				InitializePlatformSupportModulesInManaged (12ms)
				SetLoadedEditorAssemblies (1ms)
				RefreshPlugins (1ms)
				BeforeProcessingInitializeOnLoad (106ms)
				ProcessInitializeOnLoadAttributes (533ms)
				ProcessInitializeOnLoadMethodAttributes (67ms)
				AfterProcessingInitializeOnLoad (8ms)
				EditorAssembliesLoaded (0ms)
			ExecutionOrderSort2 (0ms)
			AwakeInstancesAfterBackupRestoration (11ms)
Platform modules already initialized, skipping
========================================================================
Worker process is ready to serve import requests
Launched and connected shader compiler UnityShaderCompiler.exe after 0.15 seconds
Refreshing native plugins compatible for Editor in 1.04 ms, found 2 plugins.
Preloading 0 native plugins for Editor in 0.00 ms.
Unloading 2021 Unused Serialized files (Serialized files now loaded: 0)
System memory in use before: 86.4 MB.
System memory in use after: 86.5 MB.

Unloading 56 unused Assets to reduce memory usage. Loaded Objects now: 2426.
Total: 9.221100 ms (FindLiveObjects: 0.340000 ms CreateObjectMapping: 0.129700 ms MarkObjects: 8.625100 ms  DeleteObjects: 0.124200 ms)

AssetImportParameters requested are different than current active one (requested -> active):
  custom:framework-win-MediaFoundation: 216162199b28c13a410421893ffa2e32 -> 
  custom:video-decoder-ogg-theora: a1e56fd34408186e4bbccfd4996cb3dc -> 
  custom:container-muxer-webm: aa71ff27fc2769a1b78a27578f13a17b -> 
  custom:container-demuxer-webm: 4f35f7cbe854078d1ac9338744f61a02 -> 
  custom:container-demuxer-ogg: 62fdf1f143b41e24485cea50d1cbac27 -> 
  custom:video-encoder-webm-vp8: eb34c28f22e8b96e1ab97ce403110664 -> 
  custom:video-decoder-webm-vp8: 9c59270c3fd7afecdb556c50c9e8de78 -> 
  custom:audio-decoder-ogg-vorbis: bf7c407c2cedff20999df2af8eb42d56 -> 
  custom:audio-encoder-webm-vorbis: bf7c407c2cedff20999df2af8eb42d56 -> 
========================================================================
Received Import Request.
  path: Assets/Game Assets/Art/Sprites/AnimatedSprites/Ellen/Animations/Crouch/Anim_CROUCH_00009.png
  artifactKey: Guid(a9e9e74909b5a0947a093069d6a017cc) Importer(815301076,1909f56bfc062723c751e8b465ee728b)
Start importing Assets/Game Assets/Art/Sprites/AnimatedSprites/Ellen/Animations/Crouch/Anim_CROUCH_00009.png using Guid(a9e9e74909b5a0947a093069d6a017cc) Importer(815301076,1909f56bfc062723c751e8b465ee728b)  -> (artifact id: 'cab9f30bf3437e55a74ecfd38eb1eba4') in 0.178588 seconds 
  Import took 0.509974 seconds .

========================================================================
Received Import Request.
  Time since last request: 0.000367 seconds.
  path: Assets/Game Assets/Art/Sprites/AnimatedSprites/Ellen/Animations/Crouch/Anim_CROUCH_00005.png
  artifactKey: Guid(a9c37448b62c0d149aced6ded9e44e4a) Importer(815301076,1909f56bfc062723c751e8b465ee728b)
Start importing Assets/Game Assets/Art/Sprites/AnimatedSprites/Ellen/Animations/Crouch/Anim_CROUCH_00005.png using Guid(a9c37448b62c0d149aced6ded9e44e4a) Importer(815301076,1909f56bfc062723c751e8b465ee728b)  -> (artifact id: 'b77c882c2474e68fbb605e0192048732') in 0.042423 seconds 
  Import took 0.050087 seconds .

========================================================================
Received Import Request.
  Time since last request: 0.000416 seconds.
  path: Assets/Game Assets/Art/Sprites/AnimatedSprites/Ellen/Animations/Crouch/Anim_CROUCH_00003.png
  artifactKey: Guid(5a1cef7e9c9ed034da742d0e08ea786a) Importer(815301076,1909f56bfc062723c751e8b465ee728b)
Start importing Assets/Game Assets/Art/Sprites/AnimatedSprites/Ellen/Animations/Crouch/Anim_CROUCH_00003.png using Guid(5a1cef7e9c9ed034da742d0e08ea786a) Importer(815301076,1909f56bfc062723c751e8b465ee728b)  -> (artifact id: '0e850db6cacef0459a922a8c21fc0eb0') in 0.045972 seconds 
  Import took 0.055908 seconds .

========================================================================
Received Import Request.
  Time since last request: 0.000347 seconds.
  path: Assets/Game Assets/Art/Sprites/AnimatedSprites/Ellen/Animations/Crouch/Anim_CROUCH_00011.png
  artifactKey: Guid(b5b9f448600b9aa4daa1d9fd5069a764) Importer(815301076,1909f56bfc062723c751e8b465ee728b)
Start importing Assets/Game Assets/Art/Sprites/AnimatedSprites/Ellen/Animations/Crouch/Anim_CROUCH_00011.png using Guid(b5b9f448600b9aa4daa1d9fd5069a764) Importer(815301076,1909f56bfc062723c751e8b465ee728b)  -> (artifact id: '765e786717b43eefd18601982dbe235d') in 0.045953 seconds 
  Import took 0.054449 seconds .

========================================================================
Received Import Request.
  Time since last request: 0.000096 seconds.
  path: Assets/Game Assets/Art/Sprites/AnimatedSprites/Ellen/Animations/Crouch/Anim_CROUCH_00007.png
  artifactKey: Guid(7d37e1dfeba60ea4a8803c12675079b6) Importer(815301076,1909f56bfc062723c751e8b465ee728b)
Start importing Assets/Game Assets/Art/Sprites/AnimatedSprites/Ellen/Animations/Crouch/Anim_CROUCH_00007.png using Guid(7d37e1dfeba60ea4a8803c12675079b6) Importer(815301076,1909f56bfc062723c751e8b465ee728b)  -> (artifact id: 'cf1425d9cc4d7ea4aa3eaa8447e32498') in 0.038514 seconds 
  Import took 0.045078 seconds .

========================================================================
Received Import Request.
  Time since last request: 162.732535 seconds.
  path: Assets/Animation/Player/Crouch.anim
  artifactKey: Guid(22b0ac0e3f9a74d42a78f092bcc9362c) Importer(815301076,1909f56bfc062723c751e8b465ee728b)
Start importing Assets/Animation/Player/Crouch.anim using Guid(22b0ac0e3f9a74d42a78f092bcc9362c) Importer(815301076,1909f56bfc062723c751e8b465ee728b)  -> (artifact id: '7991e93d6105d98f0e286a0e4c84cad3') in 0.024698 seconds 
  Import took 0.030332 seconds .

