Using pre-set license
Built from '2020.3/staging' branch; Version is '2020.3.19f1 (68f137dc9bbe) revision 6877495'; Using compiler version '192528614'; Build Type 'Release'
OS: 'Windows 10 Home; OS build 22523.1000; Version 2009; 64bit' Language: 'en' Physical Memory: 12204 MB
BatchMode: 1, IsHumanControllingUs: 0, StartBugReporterOnCrash: 0, Is64bit: 1, IsPro: 0

COMMAND LINE ARGUMENTS:
C:\Program Files\Unity\Hub\Editor\2020.3.19f1\Editor\Unity.exe
-adb2
-batchMode
-noUpm
-name
AssetImportWorker0
-projectPath
C:/Users/jayth/Downloads/2D-Platformer-Game
-logFile
Logs/AssetImportWorker0.log
-srvPort
57968
Successfully changed project path to: C:/Users/jayth/Downloads/2D-Platformer-Game
C:/Users/jayth/Downloads/2D-Platformer-Game
Using Asset Import Pipeline V2.
Refreshing native plugins compatible for Editor in 143.16 ms, found 2 plugins.
Preloading 0 native plugins for Editor in 0.00 ms.
Initialize engine version: 2020.3.19f1 (68f137dc9bbe)
[Subsystems] Discovering subsystems at path C:/Program Files/Unity/Hub/Editor/2020.3.19f1/Editor/Data/Resources/UnitySubsystems
[Subsystems] Discovering subsystems at path C:/Users/jayth/Downloads/2D-Platformer-Game/Assets
GfxDevice: creating device client; threaded=0
Direct3D:
    Version:  Direct3D 11.0 [level 11.1]
    Renderer: Intel(R) HD Graphics 620 (ID=0x5916)
    Vendor:   
    VRAM:     6102 MB
    Driver:   30.0.101.1157
Initialize mono
Mono path[0] = 'C:/Program Files/Unity/Hub/Editor/2020.3.19f1/Editor/Data/Managed'
Mono path[1] = 'C:/Program Files/Unity/Hub/Editor/2020.3.19f1/Editor/Data/MonoBleedingEdge/lib/mono/unityjit'
Mono config path = 'C:/Program Files/Unity/Hub/Editor/2020.3.19f1/Editor/Data/MonoBleedingEdge/etc'
Using monoOptions --debugger-agent=transport=dt_socket,embedding=1,server=y,suspend=n,address=127.0.0.1:56508
Begin MonoManager ReloadAssembly
Registering precompiled unity dll's ...
Register platform support module: C:/Program Files/Unity/Hub/Editor/2020.3.19f1/Editor/Data/PlaybackEngines/WindowsStandaloneSupport/UnityEditor.WindowsStandalone.Extensions.dll
Registered in 0.003752 seconds.
Native extension for WindowsStandalone target not found
Refreshing native plugins compatible for Editor in 120.90 ms, found 2 plugins.
Preloading 0 native plugins for Editor in 0.00 ms.
Mono: successfully reloaded assembly
- Completed reload, in  4.725 seconds
Domain Reload Profiling:
	ReloadAssembly (4725ms)
		BeginReloadAssembly (82ms)
			ExecutionOrderSort (0ms)
			DisableScriptedObjects (0ms)
			BackupInstance (0ms)
			ReleaseScriptingObjects (0ms)
			CreateAndSetChildDomain (1ms)
		EndReloadAssembly (864ms)
			LoadAssemblies (78ms)
			RebuildTransferFunctionScriptingTraits (0ms)
			SetupTypeCache (266ms)
			ReleaseScriptCaches (0ms)
			RebuildScriptCaches (72ms)
			SetupLoadedEditorAssemblies (355ms)
				LogAssemblyErrors (0ms)
				InitializePlatformSupportModulesInManaged (8ms)
				SetLoadedEditorAssemblies (1ms)
				RefreshPlugins (121ms)
				BeforeProcessingInitializeOnLoad (14ms)
				ProcessInitializeOnLoadAttributes (154ms)
				ProcessInitializeOnLoadMethodAttributes (57ms)
				AfterProcessingInitializeOnLoad (0ms)
				EditorAssembliesLoaded (0ms)
			ExecutionOrderSort2 (0ms)
			AwakeInstancesAfterBackupRestoration (0ms)
Platform modules already initialized, skipping
Registering precompiled user dll's ...
Registered in 0.005938 seconds.
Begin MonoManager ReloadAssembly
Native extension for WindowsStandalone target not found
Refreshing native plugins compatible for Editor in 1.09 ms, found 2 plugins.
Preloading 0 native plugins for Editor in 0.00 ms.
Mono: successfully reloaded assembly
- Completed reload, in  1.847 seconds
Domain Reload Profiling:
	ReloadAssembly (1848ms)
		BeginReloadAssembly (257ms)
			ExecutionOrderSort (0ms)
			DisableScriptedObjects (7ms)
			BackupInstance (0ms)
			ReleaseScriptingObjects (0ms)
			CreateAndSetChildDomain (27ms)
		EndReloadAssembly (1415ms)
			LoadAssemblies (176ms)
			RebuildTransferFunctionScriptingTraits (0ms)
			SetupTypeCache (522ms)
			ReleaseScriptCaches (1ms)
			RebuildScriptCaches (64ms)
			SetupLoadedEditorAssemblies (551ms)
				LogAssemblyErrors (0ms)
				InitializePlatformSupportModulesInManaged (6ms)
				SetLoadedEditorAssemblies (1ms)
				RefreshPlugins (1ms)
				BeforeProcessingInitializeOnLoad (102ms)
				ProcessInitializeOnLoadAttributes (379ms)
				ProcessInitializeOnLoadMethodAttributes (55ms)
				AfterProcessingInitializeOnLoad (6ms)
				EditorAssembliesLoaded (0ms)
			ExecutionOrderSort2 (0ms)
			AwakeInstancesAfterBackupRestoration (9ms)
Platform modules already initialized, skipping
========================================================================
Worker process is ready to serve import requests
Launched and connected shader compiler UnityShaderCompiler.exe after 0.14 seconds
Refreshing native plugins compatible for Editor in 1.63 ms, found 2 plugins.
Preloading 0 native plugins for Editor in 0.00 ms.
Unloading 2021 Unused Serialized files (Serialized files now loaded: 0)
System memory in use before: 86.2 MB.
System memory in use after: 86.3 MB.

Unloading 56 unused Assets to reduce memory usage. Loaded Objects now: 2425.
Total: 9.206900 ms (FindLiveObjects: 0.300200 ms CreateObjectMapping: 0.119300 ms MarkObjects: 8.639100 ms  DeleteObjects: 0.145300 ms)

AssetImportParameters requested are different than current active one (requested -> active):
  custom:framework-win-MediaFoundation: 216162199b28c13a410421893ffa2e32 -> 
  custom:video-decoder-ogg-theora: a1e56fd34408186e4bbccfd4996cb3dc -> 
  custom:container-muxer-webm: aa71ff27fc2769a1b78a27578f13a17b -> 
  custom:container-demuxer-webm: 4f35f7cbe854078d1ac9338744f61a02 -> 
  custom:container-demuxer-ogg: 62fdf1f143b41e24485cea50d1cbac27 -> 
  custom:video-encoder-webm-vp8: eb34c28f22e8b96e1ab97ce403110664 -> 
  custom:video-decoder-webm-vp8: 9c59270c3fd7afecdb556c50c9e8de78 -> 
  custom:audio-decoder-ogg-vorbis: bf7c407c2cedff20999df2af8eb42d56 -> 
  custom:audio-encoder-webm-vorbis: bf7c407c2cedff20999df2af8eb42d56 -> 
========================================================================
Received Import Request.
  path: Assets/Prefab
  artifactKey: Guid(62fe7a1e9bba9d64dbbf97b0a12a92b4) Importer(815301076,1909f56bfc062723c751e8b465ee728b)
Start importing Assets/Prefab using Guid(62fe7a1e9bba9d64dbbf97b0a12a92b4) Importer(815301076,1909f56bfc062723c751e8b465ee728b)  -> (artifact id: 'ba306553f5f5007ec57eadbe478da80b') in 0.023107 seconds 
  Import took 0.030449 seconds .

========================================================================
Received Import Request.
  Time since last request: 19.015240 seconds.
  path: Assets/Prefab/Player.prefab
  artifactKey: Guid(e3ab2d3e59aa5b846b0c0900a866e598) Importer(815301076,1909f56bfc062723c751e8b465ee728b)
Start importing Assets/Prefab/Player.prefab using Guid(e3ab2d3e59aa5b846b0c0900a866e598) Importer(815301076,1909f56bfc062723c751e8b465ee728b)  -> (artifact id: '2ff62b95f06ee5cc5c9b8060eda49b69') in 0.247862 seconds 
  Import took 0.252395 seconds .

========================================================================
Received Import Request.
  Time since last request: 339.475653 seconds.
  path: Assets/Prefab/Player.prefab
  artifactKey: Guid(e3ab2d3e59aa5b846b0c0900a866e598) Importer(815301076,1909f56bfc062723c751e8b465ee728b)
Start importing Assets/Prefab/Player.prefab using Guid(e3ab2d3e59aa5b846b0c0900a866e598) Importer(815301076,1909f56bfc062723c751e8b465ee728b)  -> (artifact id: '3f70a301765cfe4c920eb4f375efabae') in 0.059868 seconds 
  Import took 0.070085 seconds .

========================================================================
Received Import Request.
  Time since last request: 287.481720 seconds.
  path: Assets/Prefab/Player.prefab
  artifactKey: Guid(e3ab2d3e59aa5b846b0c0900a866e598) Importer(815301076,1909f56bfc062723c751e8b465ee728b)
Start importing Assets/Prefab/Player.prefab using Guid(e3ab2d3e59aa5b846b0c0900a866e598) Importer(815301076,1909f56bfc062723c751e8b465ee728b)  -> (artifact id: '879ffc1e78f19b88e09c2604b5265462') in 0.039272 seconds 
  Import took 0.047794 seconds .

========================================================================
Received Import Request.
  Time since last request: 231.175755 seconds.
  path: Assets/Animation/Player/Idle.anim
  artifactKey: Guid(48f452b4a2fff29478225ac3b950fff2) Importer(815301076,1909f56bfc062723c751e8b465ee728b)
Start importing Assets/Animation/Player/Idle.anim using Guid(48f452b4a2fff29478225ac3b950fff2) Importer(815301076,1909f56bfc062723c751e8b465ee728b)  -> (artifact id: '6413bf611dfb71f3a3c5fecee6ddc4e6') in 0.036434 seconds 
  Import took 0.045805 seconds .

========================================================================
Received Import Request.
  Time since last request: 208.612838 seconds.
  path: Assets/Game Assets/Art/Sprites/AnimatedSprites/Ellen/Animations/Idle/Anim_IDLE_00001.png
  artifactKey: Guid(c4d7d6470acd7bf45971042161c6e018) Importer(815301076,1909f56bfc062723c751e8b465ee728b)
Start importing Assets/Game Assets/Art/Sprites/AnimatedSprites/Ellen/Animations/Idle/Anim_IDLE_00001.png using Guid(c4d7d6470acd7bf45971042161c6e018) Importer(815301076,1909f56bfc062723c751e8b465ee728b)  -> (artifact id: '1db36d37c6cd560089b5144ecf7d8b25') in 0.075190 seconds 
  Import took 0.080677 seconds .

========================================================================
Received Import Request.
  Time since last request: 3.416514 seconds.
  path: Assets/Game Assets/Art/Sprites/AnimatedSprites/Ellen/Animations/Idle/Anim_IDLE_00021.png
  artifactKey: Guid(cd65a99c817869946969cd216cab2115) Importer(815301076,1909f56bfc062723c751e8b465ee728b)
Start importing Assets/Game Assets/Art/Sprites/AnimatedSprites/Ellen/Animations/Idle/Anim_IDLE_00021.png using Guid(cd65a99c817869946969cd216cab2115) Importer(815301076,1909f56bfc062723c751e8b465ee728b)  -> (artifact id: '9d1da9fb7eb1dfc0aff0ca9ed31cb2af') in 0.049046 seconds 
  Import took 0.054837 seconds .

========================================================================
Received Import Request.
  Time since last request: 46.061300 seconds.
  path: Assets/Game Assets/Art/Sprites/AnimatedSprites/Ellen/Animations/Idle/Anim_IDLE_00003.png
  artifactKey: Guid(1fa29ad54380226498c2250e612fec93) Importer(815301076,1909f56bfc062723c751e8b465ee728b)
Start importing Assets/Game Assets/Art/Sprites/AnimatedSprites/Ellen/Animations/Idle/Anim_IDLE_00003.png using Guid(1fa29ad54380226498c2250e612fec93) Importer(815301076,1909f56bfc062723c751e8b465ee728b)  -> (artifact id: '855c59908622eb2855b7a938a564b297') in 0.056246 seconds 
  Import took 0.062421 seconds .

========================================================================
Received Import Request.
  Time since last request: 0.118275 seconds.
  path: Assets/Game Assets/Art/Sprites/AnimatedSprites/Ellen/Animations/Idle/Anim_IDLE_00005.png
  artifactKey: Guid(c7cf710ee57c1ae45aac513a85fcff07) Importer(815301076,1909f56bfc062723c751e8b465ee728b)
Start importing Assets/Game Assets/Art/Sprites/AnimatedSprites/Ellen/Animations/Idle/Anim_IDLE_00005.png using Guid(c7cf710ee57c1ae45aac513a85fcff07) Importer(815301076,1909f56bfc062723c751e8b465ee728b)  -> (artifact id: '09d1ffe268b28c6ae2df6c80157e2d19') in 0.049128 seconds 
  Import took 0.055399 seconds .

========================================================================
Received Import Request.
  Time since last request: 0.112685 seconds.
  path: Assets/Game Assets/Art/Sprites/AnimatedSprites/Ellen/Animations/Idle/Anim_IDLE_00007.png
  artifactKey: Guid(774282641b60d9d4daddad7c6ad7ae69) Importer(815301076,1909f56bfc062723c751e8b465ee728b)
Start importing Assets/Game Assets/Art/Sprites/AnimatedSprites/Ellen/Animations/Idle/Anim_IDLE_00007.png using Guid(774282641b60d9d4daddad7c6ad7ae69) Importer(815301076,1909f56bfc062723c751e8b465ee728b)  -> (artifact id: 'a4b848f44ccf0332238d4bb0325a357c') in 0.048957 seconds 
  Import took 0.055380 seconds .

========================================================================
Received Import Request.
  Time since last request: 0.114310 seconds.
  path: Assets/Game Assets/Art/Sprites/AnimatedSprites/Ellen/Animations/Idle/Anim_IDLE_00009.png
  artifactKey: Guid(a53475b08393802498550588cf70ef5e) Importer(815301076,1909f56bfc062723c751e8b465ee728b)
Start importing Assets/Game Assets/Art/Sprites/AnimatedSprites/Ellen/Animations/Idle/Anim_IDLE_00009.png using Guid(a53475b08393802498550588cf70ef5e) Importer(815301076,1909f56bfc062723c751e8b465ee728b)  -> (artifact id: 'b20f07233cae4d7d24a8155d2237bd09') in 0.046908 seconds 
  Import took 0.054332 seconds .

========================================================================
Received Import Request.
  Time since last request: 0.101376 seconds.
  path: Assets/Game Assets/Art/Sprites/AnimatedSprites/Ellen/Animations/Idle/Anim_IDLE_00011.png
  artifactKey: Guid(c6b584771aee7a148bcf2885a6f347ba) Importer(815301076,1909f56bfc062723c751e8b465ee728b)
Start importing Assets/Game Assets/Art/Sprites/AnimatedSprites/Ellen/Animations/Idle/Anim_IDLE_00011.png using Guid(c6b584771aee7a148bcf2885a6f347ba) Importer(815301076,1909f56bfc062723c751e8b465ee728b)  -> (artifact id: 'c9730586363f7d31a61255b06d7591cb') in 0.045520 seconds 
  Import took 0.051924 seconds .

========================================================================
Received Import Request.
  Time since last request: 0.104873 seconds.
  path: Assets/Game Assets/Art/Sprites/AnimatedSprites/Ellen/Animations/Idle/Anim_IDLE_00013.png
  artifactKey: Guid(60a2cfad92429cc4b9d2f6ce7148c37a) Importer(815301076,1909f56bfc062723c751e8b465ee728b)
Start importing Assets/Game Assets/Art/Sprites/AnimatedSprites/Ellen/Animations/Idle/Anim_IDLE_00013.png using Guid(60a2cfad92429cc4b9d2f6ce7148c37a) Importer(815301076,1909f56bfc062723c751e8b465ee728b)  -> (artifact id: '2e21e275dc0978e3c68bcebfd874144d') in 0.085165 seconds 
  Import took 0.091321 seconds .

========================================================================
Received Import Request.
  Time since last request: 0.093570 seconds.
  path: Assets/Game Assets/Art/Sprites/AnimatedSprites/Ellen/Animations/Idle/Anim_IDLE_00015.png
  artifactKey: Guid(dcc9002875a3a244eacb72418d292f8e) Importer(815301076,1909f56bfc062723c751e8b465ee728b)
Start importing Assets/Game Assets/Art/Sprites/AnimatedSprites/Ellen/Animations/Idle/Anim_IDLE_00015.png using Guid(dcc9002875a3a244eacb72418d292f8e) Importer(815301076,1909f56bfc062723c751e8b465ee728b)  -> (artifact id: '87a09d5c30b20b7fa5a485d222d5c5a5') in 0.046485 seconds 
  Import took 0.054844 seconds .

========================================================================
Received Import Request.
  Time since last request: 0.101212 seconds.
  path: Assets/Game Assets/Art/Sprites/AnimatedSprites/Ellen/Animations/Idle/Anim_IDLE_00017.png
  artifactKey: Guid(64afd51ca9828034f8c64a261e4b99b9) Importer(815301076,1909f56bfc062723c751e8b465ee728b)
Start importing Assets/Game Assets/Art/Sprites/AnimatedSprites/Ellen/Animations/Idle/Anim_IDLE_00017.png using Guid(64afd51ca9828034f8c64a261e4b99b9) Importer(815301076,1909f56bfc062723c751e8b465ee728b)  -> (artifact id: '4e82928d1257f89c5660728be2fea1d5') in 0.047819 seconds 
  Import took 0.053603 seconds .

========================================================================
Received Import Request.
  Time since last request: 0.116910 seconds.
  path: Assets/Game Assets/Art/Sprites/AnimatedSprites/Ellen/Animations/Idle/Anim_IDLE_00019.png
  artifactKey: Guid(76089009971280441963c2a3a55b5071) Importer(815301076,1909f56bfc062723c751e8b465ee728b)
Start importing Assets/Game Assets/Art/Sprites/AnimatedSprites/Ellen/Animations/Idle/Anim_IDLE_00019.png using Guid(76089009971280441963c2a3a55b5071) Importer(815301076,1909f56bfc062723c751e8b465ee728b)  -> (artifact id: 'b1a6cfbc94837a37addb961b961f1e65') in 0.048607 seconds 
  Import took 0.053938 seconds .

========================================================================
Received Import Request.
  Time since last request: 0.282824 seconds.
  path: Assets/Game Assets/Art/Sprites/AnimatedSprites/Ellen/Animations/Idle/Anim_IDLE_00023.png
  artifactKey: Guid(591e3ea0fd60a1442bfbe969a16d4d74) Importer(815301076,1909f56bfc062723c751e8b465ee728b)
Start importing Assets/Game Assets/Art/Sprites/AnimatedSprites/Ellen/Animations/Idle/Anim_IDLE_00023.png using Guid(591e3ea0fd60a1442bfbe969a16d4d74) Importer(815301076,1909f56bfc062723c751e8b465ee728b)  -> (artifact id: '767c74affcf0d1f81a6d78074ffeeb02') in 0.052023 seconds 
  Import took 0.057844 seconds .

========================================================================
Received Import Request.
  Time since last request: 0.106909 seconds.
  path: Assets/Game Assets/Art/Sprites/AnimatedSprites/Ellen/Animations/Idle/Anim_IDLE_00025.png
  artifactKey: Guid(d2d936bae69c599429ee1a386892a9f0) Importer(815301076,1909f56bfc062723c751e8b465ee728b)
Start importing Assets/Game Assets/Art/Sprites/AnimatedSprites/Ellen/Animations/Idle/Anim_IDLE_00025.png using Guid(d2d936bae69c599429ee1a386892a9f0) Importer(815301076,1909f56bfc062723c751e8b465ee728b)  -> (artifact id: 'f9b20d7411ac1532d2ca7d15ac090128') in 0.048160 seconds 
  Import took 0.053264 seconds .

========================================================================
Received Import Request.
  Time since last request: 0.106614 seconds.
  path: Assets/Game Assets/Art/Sprites/AnimatedSprites/Ellen/Animations/Idle/Anim_IDLE_00027.png
  artifactKey: Guid(f3b094a028c28604382b41bfab29604a) Importer(815301076,1909f56bfc062723c751e8b465ee728b)
Start importing Assets/Game Assets/Art/Sprites/AnimatedSprites/Ellen/Animations/Idle/Anim_IDLE_00027.png using Guid(f3b094a028c28604382b41bfab29604a) Importer(815301076,1909f56bfc062723c751e8b465ee728b)  -> (artifact id: '063ec9a34eddabb74b9269f568515ab7') in 0.046469 seconds 
  Import took 0.051129 seconds .

========================================================================
Received Import Request.
  Time since last request: 0.116661 seconds.
  path: Assets/Game Assets/Art/Sprites/AnimatedSprites/Ellen/Animations/Idle/Anim_IDLE_00029.png
  artifactKey: Guid(ed4c6463819f7cb4b85a6a44dc35c9cf) Importer(815301076,1909f56bfc062723c751e8b465ee728b)
Start importing Assets/Game Assets/Art/Sprites/AnimatedSprites/Ellen/Animations/Idle/Anim_IDLE_00029.png using Guid(ed4c6463819f7cb4b85a6a44dc35c9cf) Importer(815301076,1909f56bfc062723c751e8b465ee728b)  -> (artifact id: 'fbc8673881d6f916db5d72fd5c1ef95a') in 0.048418 seconds 
  Import took 0.053674 seconds .

========================================================================
Received Import Request.
  Time since last request: 705.011578 seconds.
  path: Assets/Game Assets/Art/Sprites/AnimatedSprites/Ellen/Animations/Run/ELLEN_RUN_NoGun_01.png
  artifactKey: Guid(ff33d6adfeac52e419af23fad2d0abfd) Importer(815301076,1909f56bfc062723c751e8b465ee728b)
Start importing Assets/Game Assets/Art/Sprites/AnimatedSprites/Ellen/Animations/Run/ELLEN_RUN_NoGun_01.png using Guid(ff33d6adfeac52e419af23fad2d0abfd) Importer(815301076,1909f56bfc062723c751e8b465ee728b)  -> (artifact id: '5b4c15d1b2996de33b9e73cad6881c4d') in 0.060772 seconds 
  Import took 0.068291 seconds .

========================================================================
Received Import Request.
  Time since last request: 6.195965 seconds.
  path: Assets/Game Assets/Art/Sprites/AnimatedSprites/Ellen/Animations/Run/ELLEN_RUN_NoGun_19.png
  artifactKey: Guid(3b3834ff0aab3d849bca2adc0c0d5f84) Importer(815301076,1909f56bfc062723c751e8b465ee728b)
Start importing Assets/Game Assets/Art/Sprites/AnimatedSprites/Ellen/Animations/Run/ELLEN_RUN_NoGun_19.png using Guid(3b3834ff0aab3d849bca2adc0c0d5f84) Importer(815301076,1909f56bfc062723c751e8b465ee728b)  -> (artifact id: 'c9ba475c7a8fc9f34fae836f4b5c9d0b') in 0.064108 seconds 
  Import took 0.071136 seconds .

========================================================================
Received Import Request.
  Time since last request: 56.408345 seconds.
  path: Assets/Game Assets/Art/Sprites/AnimatedSprites/Ellen/Animations/Run
  artifactKey: Guid(71cd489115374f641b38398e137a023d) Importer(815301076,1909f56bfc062723c751e8b465ee728b)
Start importing Assets/Game Assets/Art/Sprites/AnimatedSprites/Ellen/Animations/Run using Guid(71cd489115374f641b38398e137a023d) Importer(815301076,1909f56bfc062723c751e8b465ee728b)  -> (artifact id: 'c425f08a83dd6daaebc029f32e5246a0') in 0.027864 seconds 
  Import took 0.033432 seconds .

========================================================================
Received Import Request.
  Time since last request: 121.069924 seconds.
  path: Assets/Game Assets/Art/Sprites/AnimatedSprites/Ellen/Animations/Run/ELLEN_RUN_NoGun_02.png
  artifactKey: Guid(12ea17332fa174442af48960686e1769) Importer(815301076,1909f56bfc062723c751e8b465ee728b)
Start importing Assets/Game Assets/Art/Sprites/AnimatedSprites/Ellen/Animations/Run/ELLEN_RUN_NoGun_02.png using Guid(12ea17332fa174442af48960686e1769) Importer(815301076,1909f56bfc062723c751e8b465ee728b)  -> (artifact id: 'fa74865ef0038117d352c65c5160facc') in 0.052950 seconds 
  Import took 0.058124 seconds .

========================================================================
Received Import Request.
  Time since last request: 0.114945 seconds.
  path: Assets/Game Assets/Art/Sprites/AnimatedSprites/Ellen/Animations/Run/ELLEN_RUN_NoGun_03.png
  artifactKey: Guid(45ed26a75477df843a013176e95192a9) Importer(815301076,1909f56bfc062723c751e8b465ee728b)
Start importing Assets/Game Assets/Art/Sprites/AnimatedSprites/Ellen/Animations/Run/ELLEN_RUN_NoGun_03.png using Guid(45ed26a75477df843a013176e95192a9) Importer(815301076,1909f56bfc062723c751e8b465ee728b)  -> (artifact id: '41a9f9b08e8a123fe4e8eafc1fda5fda') in 0.041863 seconds 
  Import took 0.046697 seconds .

========================================================================
Received Import Request.
  Time since last request: 0.125266 seconds.
  path: Assets/Game Assets/Art/Sprites/AnimatedSprites/Ellen/Animations/Run/ELLEN_RUN_NoGun_04.png
  artifactKey: Guid(3a5b7c781691c8642af63e9c1e6c14de) Importer(815301076,1909f56bfc062723c751e8b465ee728b)
Start importing Assets/Game Assets/Art/Sprites/AnimatedSprites/Ellen/Animations/Run/ELLEN_RUN_NoGun_04.png using Guid(3a5b7c781691c8642af63e9c1e6c14de) Importer(815301076,1909f56bfc062723c751e8b465ee728b)  -> (artifact id: 'ecee61253b4ce5a3b3ff5c8db23d3ee6') in 0.043115 seconds 
  Import took 0.049009 seconds .

========================================================================
Received Import Request.
  Time since last request: 0.110197 seconds.
  path: Assets/Game Assets/Art/Sprites/AnimatedSprites/Ellen/Animations/Run/ELLEN_RUN_NoGun_05.png
  artifactKey: Guid(87e29b609bb169245a2df3d89266630c) Importer(815301076,1909f56bfc062723c751e8b465ee728b)
Start importing Assets/Game Assets/Art/Sprites/AnimatedSprites/Ellen/Animations/Run/ELLEN_RUN_NoGun_05.png using Guid(87e29b609bb169245a2df3d89266630c) Importer(815301076,1909f56bfc062723c751e8b465ee728b)  -> (artifact id: '2ee1d8116ed82fd1d42988566d5a3ce7') in 0.042107 seconds 
  Import took 0.046279 seconds .

========================================================================
Received Import Request.
  Time since last request: 0.312607 seconds.
  path: Assets/Game Assets/Art/Sprites/AnimatedSprites/Ellen/Animations/Run/ELLEN_RUN_NoGun_06.png
  artifactKey: Guid(a4cfd522aaaa4ac45980e1828c8dea2c) Importer(815301076,1909f56bfc062723c751e8b465ee728b)
Start importing Assets/Game Assets/Art/Sprites/AnimatedSprites/Ellen/Animations/Run/ELLEN_RUN_NoGun_06.png using Guid(a4cfd522aaaa4ac45980e1828c8dea2c) Importer(815301076,1909f56bfc062723c751e8b465ee728b)  -> (artifact id: '23bdcbf08443b1b0d0439e61ae4b0ae4') in 0.056608 seconds 
  Import took 0.061308 seconds .

========================================================================
Received Import Request.
  Time since last request: 0.111755 seconds.
  path: Assets/Game Assets/Art/Sprites/AnimatedSprites/Ellen/Animations/Run/ELLEN_RUN_NoGun_07.png
  artifactKey: Guid(2eaa4938329e1204ca267982a8cdb3fa) Importer(815301076,1909f56bfc062723c751e8b465ee728b)
Start importing Assets/Game Assets/Art/Sprites/AnimatedSprites/Ellen/Animations/Run/ELLEN_RUN_NoGun_07.png using Guid(2eaa4938329e1204ca267982a8cdb3fa) Importer(815301076,1909f56bfc062723c751e8b465ee728b)  -> (artifact id: 'bf98c87fe9210d053d2a937935f9ff30') in 0.050283 seconds 
  Import took 0.055275 seconds .

========================================================================
Received Import Request.
  Time since last request: 0.099688 seconds.
  path: Assets/Game Assets/Art/Sprites/AnimatedSprites/Ellen/Animations/Run/ELLEN_RUN_NoGun_08.png
  artifactKey: Guid(dfd2eca0b8de7a443a0b28c6466f55ba) Importer(815301076,1909f56bfc062723c751e8b465ee728b)
Start importing Assets/Game Assets/Art/Sprites/AnimatedSprites/Ellen/Animations/Run/ELLEN_RUN_NoGun_08.png using Guid(dfd2eca0b8de7a443a0b28c6466f55ba) Importer(815301076,1909f56bfc062723c751e8b465ee728b)  -> (artifact id: '90fbca708ef63bc9a6fb736266badb6a') in 0.043655 seconds 
  Import took 0.048285 seconds .

========================================================================
Received Import Request.
  Time since last request: 0.106977 seconds.
  path: Assets/Game Assets/Art/Sprites/AnimatedSprites/Ellen/Animations/Run/ELLEN_RUN_NoGun_09.png
  artifactKey: Guid(301fc9f2a0405ee45ad84f7b550051d5) Importer(815301076,1909f56bfc062723c751e8b465ee728b)
Start importing Assets/Game Assets/Art/Sprites/AnimatedSprites/Ellen/Animations/Run/ELLEN_RUN_NoGun_09.png using Guid(301fc9f2a0405ee45ad84f7b550051d5) Importer(815301076,1909f56bfc062723c751e8b465ee728b)  -> (artifact id: '2eda87bc51f3ba087e459f831c72caca') in 0.044466 seconds 
  Import took 0.049748 seconds .

========================================================================
Received Import Request.
  Time since last request: 0.097010 seconds.
  path: Assets/Game Assets/Art/Sprites/AnimatedSprites/Ellen/Animations/Run/ELLEN_RUN_NoGun_10.png
  artifactKey: Guid(05df8025a12814d46b434681a6989133) Importer(815301076,1909f56bfc062723c751e8b465ee728b)
Start importing Assets/Game Assets/Art/Sprites/AnimatedSprites/Ellen/Animations/Run/ELLEN_RUN_NoGun_10.png using Guid(05df8025a12814d46b434681a6989133) Importer(815301076,1909f56bfc062723c751e8b465ee728b)  -> (artifact id: '77b662391ed2f52c05b7cc29de64fd63') in 0.043850 seconds 
  Import took 0.049196 seconds .

========================================================================
Received Import Request.
  Time since last request: 0.120684 seconds.
  path: Assets/Game Assets/Art/Sprites/AnimatedSprites/Ellen/Animations/Run/ELLEN_RUN_NoGun_11.png
  artifactKey: Guid(5d25d9e1de070994db63a462e89932d7) Importer(815301076,1909f56bfc062723c751e8b465ee728b)
Start importing Assets/Game Assets/Art/Sprites/AnimatedSprites/Ellen/Animations/Run/ELLEN_RUN_NoGun_11.png using Guid(5d25d9e1de070994db63a462e89932d7) Importer(815301076,1909f56bfc062723c751e8b465ee728b)  -> (artifact id: '87feca7e7735ca8d10e7389b06c4428b') in 0.043277 seconds 
  Import took 0.049473 seconds .

========================================================================
Received Import Request.
  Time since last request: 0.125362 seconds.
  path: Assets/Game Assets/Art/Sprites/AnimatedSprites/Ellen/Animations/Run/ELLEN_RUN_NoGun_12.png
  artifactKey: Guid(9989c37dedfecfa4591fd9f1821713cb) Importer(815301076,1909f56bfc062723c751e8b465ee728b)
Start importing Assets/Game Assets/Art/Sprites/AnimatedSprites/Ellen/Animations/Run/ELLEN_RUN_NoGun_12.png using Guid(9989c37dedfecfa4591fd9f1821713cb) Importer(815301076,1909f56bfc062723c751e8b465ee728b)  -> (artifact id: '9de78aa6301465499a149b7fa3d48637') in 0.040640 seconds 
  Import took 0.046444 seconds .

========================================================================
Received Import Request.
  Time since last request: 0.146823 seconds.
  path: Assets/Game Assets/Art/Sprites/AnimatedSprites/Ellen/Animations/Run/ELLEN_RUN_NoGun_13.png
  artifactKey: Guid(89339a864e8d9994ea7c9531ae92e67e) Importer(815301076,1909f56bfc062723c751e8b465ee728b)
Start importing Assets/Game Assets/Art/Sprites/AnimatedSprites/Ellen/Animations/Run/ELLEN_RUN_NoGun_13.png using Guid(89339a864e8d9994ea7c9531ae92e67e) Importer(815301076,1909f56bfc062723c751e8b465ee728b)  -> (artifact id: '564f2ec1fb5bc90616272d479d8cdc72') in 0.043828 seconds 
  Import took 0.050089 seconds .

========================================================================
Received Import Request.
  Time since last request: 0.107950 seconds.
  path: Assets/Game Assets/Art/Sprites/AnimatedSprites/Ellen/Animations/Run/ELLEN_RUN_NoGun_14.png
  artifactKey: Guid(453c8803862e72b43ad3652b8fe03437) Importer(815301076,1909f56bfc062723c751e8b465ee728b)
Start importing Assets/Game Assets/Art/Sprites/AnimatedSprites/Ellen/Animations/Run/ELLEN_RUN_NoGun_14.png using Guid(453c8803862e72b43ad3652b8fe03437) Importer(815301076,1909f56bfc062723c751e8b465ee728b)  -> (artifact id: '4c0fac4770945d11669a2cd4916df73b') in 0.044429 seconds 
  Import took 0.049302 seconds .

========================================================================
Received Import Request.
  Time since last request: 0.141661 seconds.
  path: Assets/Game Assets/Art/Sprites/AnimatedSprites/Ellen/Animations/Run/ELLEN_RUN_NoGun_15.png
  artifactKey: Guid(eb350ede4895d6d418689eb126b772cb) Importer(815301076,1909f56bfc062723c751e8b465ee728b)
Start importing Assets/Game Assets/Art/Sprites/AnimatedSprites/Ellen/Animations/Run/ELLEN_RUN_NoGun_15.png using Guid(eb350ede4895d6d418689eb126b772cb) Importer(815301076,1909f56bfc062723c751e8b465ee728b)  -> (artifact id: '5f4149c18bebff0a68d852c800d50d50') in 0.044225 seconds 
  Import took 0.050753 seconds .

========================================================================
Received Import Request.
  Time since last request: 0.146401 seconds.
  path: Assets/Game Assets/Art/Sprites/AnimatedSprites/Ellen/Animations/Run/ELLEN_RUN_NoGun_16.png
  artifactKey: Guid(79d7163dfd26ad748bf88cdc6b98d2f5) Importer(815301076,1909f56bfc062723c751e8b465ee728b)
Start importing Assets/Game Assets/Art/Sprites/AnimatedSprites/Ellen/Animations/Run/ELLEN_RUN_NoGun_16.png using Guid(79d7163dfd26ad748bf88cdc6b98d2f5) Importer(815301076,1909f56bfc062723c751e8b465ee728b)  -> (artifact id: '684e019e7232982b013e705f625450eb') in 0.044167 seconds 
  Import took 0.049532 seconds .

========================================================================
Received Import Request.
  Time since last request: 0.584591 seconds.
  path: Assets/Game Assets/Art/Sprites/AnimatedSprites/Ellen/Animations/Run/ELLEN_RUN_NoGun_17.png
  artifactKey: Guid(690102d87edd7d047824362d73a02788) Importer(815301076,1909f56bfc062723c751e8b465ee728b)
Start importing Assets/Game Assets/Art/Sprites/AnimatedSprites/Ellen/Animations/Run/ELLEN_RUN_NoGun_17.png using Guid(690102d87edd7d047824362d73a02788) Importer(815301076,1909f56bfc062723c751e8b465ee728b)  -> (artifact id: '43439cb61b3083be56a2c71a96438073') in 0.049097 seconds 
  Import took 0.055621 seconds .

========================================================================
Received Import Request.
  Time since last request: 0.137081 seconds.
  path: Assets/Game Assets/Art/Sprites/AnimatedSprites/Ellen/Animations/Run/ELLEN_RUN_NoGun_18.png
  artifactKey: Guid(5cdf5107efb2e8c4d980153f752a57c1) Importer(815301076,1909f56bfc062723c751e8b465ee728b)
Start importing Assets/Game Assets/Art/Sprites/AnimatedSprites/Ellen/Animations/Run/ELLEN_RUN_NoGun_18.png using Guid(5cdf5107efb2e8c4d980153f752a57c1) Importer(815301076,1909f56bfc062723c751e8b465ee728b)  -> (artifact id: 'c02bd3e461bea345a4bbcb3564dc4ad1') in 0.042904 seconds 
  Import took 0.046943 seconds .

========================================================================
Received Import Request.
  Time since last request: 0.697968 seconds.
  path: Assets/Game Assets/Art/Sprites/AnimatedSprites/Ellen/Animations/Run/ELLEN_RUN_NoGun_20.png
  artifactKey: Guid(d3c1e30225625c14e9bf351c35be2fd9) Importer(815301076,1909f56bfc062723c751e8b465ee728b)
Start importing Assets/Game Assets/Art/Sprites/AnimatedSprites/Ellen/Animations/Run/ELLEN_RUN_NoGun_20.png using Guid(d3c1e30225625c14e9bf351c35be2fd9) Importer(815301076,1909f56bfc062723c751e8b465ee728b)  -> (artifact id: '2191b9451363c3c742d5b6115a824d8d') in 0.051737 seconds 
  Import took 0.060871 seconds .

========================================================================
Received Import Request.
  Time since last request: 0.090070 seconds.
  path: Assets/Game Assets/Art/Sprites/AnimatedSprites/Ellen/Animations/Run/ELLEN_RUN_NoGun_21.png
  artifactKey: Guid(88f2ac18ae0c71845bc1d47bd924f8a8) Importer(815301076,1909f56bfc062723c751e8b465ee728b)
Start importing Assets/Game Assets/Art/Sprites/AnimatedSprites/Ellen/Animations/Run/ELLEN_RUN_NoGun_21.png using Guid(88f2ac18ae0c71845bc1d47bd924f8a8) Importer(815301076,1909f56bfc062723c751e8b465ee728b)  -> (artifact id: 'd58dcbb8f086ae8ddeeda244690388ff') in 0.041166 seconds 
  Import took 0.047744 seconds .

========================================================================
Received Import Request.
  Time since last request: 0.201768 seconds.
  path: Assets/Game Assets/Art/Sprites/AnimatedSprites/Ellen/Animations/Run/ELLEN_RUN_NoGun_22.png
  artifactKey: Guid(37547022c0607c544915b3089832635d) Importer(815301076,1909f56bfc062723c751e8b465ee728b)
Start importing Assets/Game Assets/Art/Sprites/AnimatedSprites/Ellen/Animations/Run/ELLEN_RUN_NoGun_22.png using Guid(37547022c0607c544915b3089832635d) Importer(815301076,1909f56bfc062723c751e8b465ee728b)  -> (artifact id: 'f8c4922f60e677637b07cf433f7706c3') in 0.050767 seconds 
  Import took 0.057845 seconds .

========================================================================
Received Import Request.
  Time since last request: 9568.392768 seconds.
  path: Assets/Animation/Player/Player.controller
  artifactKey: Guid(93914c5ad743ebc4f920102acbeedff0) Importer(815301076,1909f56bfc062723c751e8b465ee728b)
Start importing Assets/Animation/Player/Player.controller using Guid(93914c5ad743ebc4f920102acbeedff0) Importer(815301076,1909f56bfc062723c751e8b465ee728b)  -> (artifact id: 'd896bc6e24766bab9b4719516463469c') in 0.067746 seconds 
  Import took 0.120897 seconds .

========================================================================
Received Prepare
Registering precompiled user dll's ...
Registered in 0.006477 seconds.
Begin MonoManager ReloadAssembly
Native extension for WindowsStandalone target not found
Refreshing native plugins compatible for Editor in 1.93 ms, found 2 plugins.
Preloading 0 native plugins for Editor in 0.00 ms.
Mono: successfully reloaded assembly
- Completed reload, in  2.176 seconds
Domain Reload Profiling:
	ReloadAssembly (2178ms)
		BeginReloadAssembly (305ms)
			ExecutionOrderSort (0ms)
			DisableScriptedObjects (26ms)
			BackupInstance (0ms)
			ReleaseScriptingObjects (0ms)
			CreateAndSetChildDomain (126ms)
		EndReloadAssembly (1771ms)
			LoadAssemblies (155ms)
			RebuildTransferFunctionScriptingTraits (0ms)
			SetupTypeCache (542ms)
			ReleaseScriptCaches (1ms)
			RebuildScriptCaches (56ms)
			SetupLoadedEditorAssemblies (755ms)
				LogAssemblyErrors (0ms)
				InitializePlatformSupportModulesInManaged (16ms)
				SetLoadedEditorAssemblies (1ms)
				RefreshPlugins (2ms)
				BeforeProcessingInitializeOnLoad (196ms)
				ProcessInitializeOnLoadAttributes (471ms)
				ProcessInitializeOnLoadMethodAttributes (62ms)
				AfterProcessingInitializeOnLoad (6ms)
				EditorAssembliesLoaded (0ms)
			ExecutionOrderSort2 (0ms)
			AwakeInstancesAfterBackupRestoration (41ms)
Platform modules already initialized, skipping
Switching build target platform(19) subTarget(0) extendedPlatform(0) -> platform(13) subTarget(589824) extendedPlatform(0)
Refreshing native plugins compatible for Editor in 2.56 ms, found 2 plugins.
Preloading 0 native plugins for Editor in 0.00 ms.
Unloading 1999 Unused Serialized files (Serialized files now loaded: 0)
System memory in use before: 87.3 MB.
System memory in use after: 87.4 MB.

Unloading 47 unused Assets to reduce memory usage. Loaded Objects now: 2437.
Total: 8.959500 ms (FindLiveObjects: 0.373200 ms CreateObjectMapping: 0.150800 ms MarkObjects: 8.367400 ms  DeleteObjects: 0.065600 ms)

AssetImportParameters requested are different than current active one (requested -> active):
  custom:framework-win-MediaFoundation: 216162199b28c13a410421893ffa2e32 -> 
  custom:video-decoder-ogg-theora: a1e56fd34408186e4bbccfd4996cb3dc -> 
  custom:container-muxer-webm: aa71ff27fc2769a1b78a27578f13a17b -> 
  custom:container-demuxer-webm: 4f35f7cbe854078d1ac9338744f61a02 -> 
  custom:container-demuxer-ogg: 62fdf1f143b41e24485cea50d1cbac27 -> 
  custom:video-encoder-webm-vp8: eb34c28f22e8b96e1ab97ce403110664 -> 
  custom:video-decoder-webm-vp8: 9c59270c3fd7afecdb556c50c9e8de78 -> 
  custom:graphics/normal-map-encoding: 01000000000000000000000000000000 -> 02000000000000000000000000000000
  custom:audio-decoder-ogg-vorbis: bf7c407c2cedff20999df2af8eb42d56 -> 
  custom:audio-encoder-webm-vorbis: bf7c407c2cedff20999df2af8eb42d56 -> 
========================================================================
Received Prepare
Registering precompiled user dll's ...
Registered in 0.005295 seconds.
Begin MonoManager ReloadAssembly
Native extension for WindowsStandalone target not found
Refreshing native plugins compatible for Editor in 1.92 ms, found 2 plugins.
Preloading 0 native plugins for Editor in 0.00 ms.
Mono: successfully reloaded assembly
- Completed reload, in  2.003 seconds
Domain Reload Profiling:
	ReloadAssembly (2004ms)
		BeginReloadAssembly (168ms)
			ExecutionOrderSort (0ms)
			DisableScriptedObjects (21ms)
			BackupInstance (0ms)
			ReleaseScriptingObjects (0ms)
			CreateAndSetChildDomain (48ms)
		EndReloadAssembly (1752ms)
			LoadAssemblies (124ms)
			RebuildTransferFunctionScriptingTraits (0ms)
			SetupTypeCache (371ms)
			ReleaseScriptCaches (1ms)
			RebuildScriptCaches (123ms)
			SetupLoadedEditorAssemblies (774ms)
				LogAssemblyErrors (0ms)
				InitializePlatformSupportModulesInManaged (12ms)
				SetLoadedEditorAssemblies (1ms)
				RefreshPlugins (2ms)
				BeforeProcessingInitializeOnLoad (177ms)
				ProcessInitializeOnLoadAttributes (523ms)
				ProcessInitializeOnLoadMethodAttributes (51ms)
				AfterProcessingInitializeOnLoad (6ms)
				EditorAssembliesLoaded (0ms)
			ExecutionOrderSort2 (0ms)
			AwakeInstancesAfterBackupRestoration (9ms)
Platform modules already initialized, skipping
Switching build target platform(19) subTarget(0) extendedPlatform(0) -> platform(13) subTarget(589824) extendedPlatform(0)
Refreshing native plugins compatible for Editor in 0.93 ms, found 2 plugins.
Preloading 0 native plugins for Editor in 0.00 ms.
Unloading 1999 Unused Serialized files (Serialized files now loaded: 0)
System memory in use before: 87.3 MB.
System memory in use after: 87.4 MB.

Unloading 47 unused Assets to reduce memory usage. Loaded Objects now: 2439.
Total: 9.376000 ms (FindLiveObjects: 0.242200 ms CreateObjectMapping: 0.105600 ms MarkObjects: 8.969600 ms  DeleteObjects: 0.057000 ms)

AssetImportParameters requested are different than current active one (requested -> active):
  custom:framework-win-MediaFoundation: 216162199b28c13a410421893ffa2e32 -> 
  custom:video-decoder-ogg-theora: a1e56fd34408186e4bbccfd4996cb3dc -> 
  custom:container-muxer-webm: aa71ff27fc2769a1b78a27578f13a17b -> 
  custom:container-demuxer-webm: 4f35f7cbe854078d1ac9338744f61a02 -> 
  custom:container-demuxer-ogg: 62fdf1f143b41e24485cea50d1cbac27 -> 
  custom:video-encoder-webm-vp8: eb34c28f22e8b96e1ab97ce403110664 -> 
  custom:video-decoder-webm-vp8: 9c59270c3fd7afecdb556c50c9e8de78 -> 
  custom:graphics/normal-map-encoding: 01000000000000000000000000000000 -> 02000000000000000000000000000000
  custom:audio-decoder-ogg-vorbis: bf7c407c2cedff20999df2af8eb42d56 -> 
  custom:audio-encoder-webm-vorbis: bf7c407c2cedff20999df2af8eb42d56 -> 
========================================================================
Received Import Request.
  Time since last request: 435.271630 seconds.
  path: Assets/Animation/Player/Player.controller
  artifactKey: Guid(93914c5ad743ebc4f920102acbeedff0) Importer(815301076,1909f56bfc062723c751e8b465ee728b)
Start importing Assets/Animation/Player/Player.controller using Guid(93914c5ad743ebc4f920102acbeedff0) Importer(815301076,1909f56bfc062723c751e8b465ee728b)  -> (artifact id: 'e6420d72c49de31e7d58289732e2c28e') in 0.035940 seconds 
  Import took 0.044127 seconds .

========================================================================
Received Import Request.
  Time since last request: 4.466843 seconds.
  path: Assets/Game Assets/Art/Sprites/AnimatedSprites/Ellen/Animations/Jump/Anim_JUMP_01.png
  artifactKey: Guid(5767e2180fcbb7a4d9980e9a37e3d588) Importer(815301076,1909f56bfc062723c751e8b465ee728b)
Start importing Assets/Game Assets/Art/Sprites/AnimatedSprites/Ellen/Animations/Jump/Anim_JUMP_01.png using Guid(5767e2180fcbb7a4d9980e9a37e3d588) Importer(815301076,1909f56bfc062723c751e8b465ee728b)  -> (artifact id: '2b80e1c154c2241f661f7901dc4d6a39') in 0.124836 seconds 
  Import took 0.146935 seconds .

========================================================================
Received Import Request.
  Time since last request: 3.753405 seconds.
  path: Assets/Game Assets/Art/Sprites/AnimatedSprites/Ellen/Animations/Jump/Anim_JUMP_11.png
  artifactKey: Guid(7dcbef0330b37354dae1c1071956813a) Importer(815301076,1909f56bfc062723c751e8b465ee728b)
Start importing Assets/Game Assets/Art/Sprites/AnimatedSprites/Ellen/Animations/Jump/Anim_JUMP_11.png using Guid(7dcbef0330b37354dae1c1071956813a) Importer(815301076,1909f56bfc062723c751e8b465ee728b)  -> (artifact id: '51cc85195505302dbb70c9773c838cd7') in 0.055823 seconds 
  Import took 0.065528 seconds .

========================================================================
Received Import Request.
  Time since last request: 387.319567 seconds.
  path: Assets/Animation/Player/Player.controller
  artifactKey: Guid(93914c5ad743ebc4f920102acbeedff0) Importer(815301076,1909f56bfc062723c751e8b465ee728b)
Start importing Assets/Animation/Player/Player.controller using Guid(93914c5ad743ebc4f920102acbeedff0) Importer(815301076,1909f56bfc062723c751e8b465ee728b)  -> (artifact id: '69a82a33669da6f884821ef387540783') in 0.019085 seconds 
  Import took 0.025077 seconds .

AssetImportWorkerClient::OnTransportError - code=2 error=End of file
